<?xml version="1.0" encoding="UTF-8"?>
<!-- Generated by org.testng.reporters.JUnitReportReporter -->
<testsuite hostname="Renuka-A" failures="0" tests="1" name="test.FirstTest" time="10.380" errors="0" timestamp="2025-09-05T16:13:47 IST" skipped="0">
  <testcase classname="test.FirstTest" name="verifyTitle" time="10.380"/>
</testsuite> <!-- test.FirstTest -->
