<?xml version="1.0" encoding="UTF-8"?>
<!-- Generated by org.testng.reporters.JUnitReportReporter -->
<testsuite hostname="Renuka-A" failures="0" tests="3" name="test.LoginTest" time="51.962" errors="0" timestamp="2025-09-08T16:25:48 IST" skipped="1">
  <testcase classname="test.LoginTest" name="Logintest3" time="17.225"/>
  <testcase classname="test.LoginTest" name="Logintest2" time="9.520">
    <skipped/>
  </testcase> <!-- Logintest2 -->
  <testcase classname="test.LoginTest" name="Logintest1" time="25.217"/>
</testsuite> <!-- test.LoginTest -->
